La génération a démarré 16/12/2012 20:26:52.
     1>Projet "C:\Users\Geoffrey\Desktop\hmtgen\htmgen\heightMapRenderer\3DProjectBase.vcxproj" sur le nœud 3 (build cible(s)).
     1>InitializeBuildStatus:
         Création de "Debug\heightMapRenderer.unsuccessfulbuild", car "AlwaysCreate" a été spécifié.
       ClCompile:
         D:\Program Files\Microsoft Visual Studio 10.0\VC\bin\CL.exe /c /ZI /nologo /W3 /WX- /Od /Oy- /D WIN32 /D _DEBUG /D _WINDOWS /D _CRT_SECURE_NO_WARNINGS /D _MBCS /Gm /EHsc /RTC1 /MTd /GS /fp:precise /Zc:wchar_t /Zc:forScope /Fo"Debug\\" /Fd"Debug\vc100.pdb" /Gd /TP /analyze- /errorReport:prompt My3dEngine.cpp OBJLoader.cpp OBJReader.cpp Octree.cpp RAWLoader.cpp stdafx.cpp TGALoader.cpp Vector4D.cpp
         Vector4D.cpp
         TGALoader.cpp
         stdafx.cpp
         RAWLoader.cpp
     1>c:\users\geoffrey\desktop\hmtgen\htmgen\heightmaprenderer\rawloader.cpp(101): warning C4018: '<' : incompatibilité signed/unsigned
     1>c:\users\geoffrey\desktop\hmtgen\htmgen\heightmaprenderer\rawloader.cpp(111): warning C4018: '<' : incompatibilité signed/unsigned
     1>c:\users\geoffrey\desktop\hmtgen\htmgen\heightmaprenderer\rawloader.cpp(122): warning C4018: '>' : incompatibilité signed/unsigned
     1>c:\users\geoffrey\desktop\hmtgen\htmgen\heightmaprenderer\rawloader.cpp(122): warning C4018: '<' : incompatibilité signed/unsigned
     1>c:\users\geoffrey\desktop\hmtgen\htmgen\heightmaprenderer\rawloader.cpp(133): warning C4018: '>' : incompatibilité signed/unsigned
     1>c:\users\geoffrey\desktop\hmtgen\htmgen\heightmaprenderer\rawloader.cpp(133): warning C4018: '<' : incompatibilité signed/unsigned
     1>c:\users\geoffrey\desktop\hmtgen\htmgen\heightmaprenderer\rawloader.cpp(144): warning C4018: '>' : incompatibilité signed/unsigned
         Octree.cpp
         OBJReader.cpp
     1>c:\users\geoffrey\desktop\hmtgen\htmgen\heightmaprenderer\objreader.cpp(35): warning C4101: 'scn' : variable locale non référencée
         OBJLoader.cpp
         My3dEngine.cpp
     1>c:\users\geoffrey\desktop\hmtgen\htmgen\heightmaprenderer\my3dengine.cpp(19): warning C4244: 'argument' : conversion de 'double' en 'float', perte possible de données
     1>c:\users\geoffrey\desktop\hmtgen\htmgen\heightmaprenderer\my3dengine.cpp(19): warning C4244: 'argument' : conversion de 'double' en 'float', perte possible de données
     1>c:\users\geoffrey\desktop\hmtgen\htmgen\heightmaprenderer\my3dengine.cpp(19): warning C4244: 'argument' : conversion de 'double' en 'float', perte possible de données
     1>c:\users\geoffrey\desktop\hmtgen\htmgen\heightmaprenderer\my3dengine.cpp(19): warning C4244: 'argument' : conversion de 'double' en 'float', perte possible de données
     1>c:\users\geoffrey\desktop\hmtgen\htmgen\heightmaprenderer\my3dengine.cpp(46): warning C4244: '=' : conversion de 'double' en 'float', perte possible de données
     1>c:\users\geoffrey\desktop\hmtgen\htmgen\heightmaprenderer\my3dengine.cpp(117): warning C4244: '=' : conversion de 'double' en 'float', perte possible de données
     1>c:\users\geoffrey\desktop\hmtgen\htmgen\heightmaprenderer\my3dengine.cpp(119): warning C4244: '=' : conversion de 'double' en 'float', perte possible de données
     1>c:\users\geoffrey\desktop\hmtgen\htmgen\heightmaprenderer\my3dengine.cpp(122): warning C4244: '=' : conversion de 'double' en 'float', perte possible de données
     1>c:\users\geoffrey\desktop\hmtgen\htmgen\heightmaprenderer\my3dengine.cpp(124): warning C4244: '=' : conversion de 'double' en 'float', perte possible de données
     1>c:\users\geoffrey\desktop\hmtgen\htmgen\heightmaprenderer\my3dengine.cpp(129): warning C4244: '=' : conversion de 'double' en 'float', perte possible de données
     1>c:\users\geoffrey\desktop\hmtgen\htmgen\heightmaprenderer\my3dengine.cpp(131): warning C4244: '=' : conversion de 'double' en 'float', perte possible de données
     1>c:\users\geoffrey\desktop\hmtgen\htmgen\heightmaprenderer\my3dengine.cpp(134): warning C4244: '=' : conversion de 'double' en 'float', perte possible de données
     1>c:\users\geoffrey\desktop\hmtgen\htmgen\heightmaprenderer\my3dengine.cpp(136): warning C4244: '=' : conversion de 'double' en 'float', perte possible de données
         Génération de code en cours...
     1>c:\users\geoffrey\desktop\hmtgen\htmgen\heightmaprenderer\octree.cpp(53): warning C4715: 'buildOctree' : les chemins de contrôle ne retournent pas tous une valeur
       ResourceCompile:
         C:\Program Files\Microsoft SDKs\Windows\v7.0A\bin\rc.exe /l"0x0409" /nologo /fo"Debug\OBJReader.res" OBJReader.rc 
       ManifestResourceCompile:
         C:\Program Files\Microsoft SDKs\Windows\v7.0A\bin\rc.exe /nologo /fo"Debug\heightMapRenderer.exe.embed.manifest.res" Debug\heightMapRenderer_manifest.rc 
       Link:
         D:\Program Files\Microsoft Visual Studio 10.0\VC\bin\link.exe /ERRORREPORT:PROMPT /OUT:"C:\Users\Geoffrey\Desktop\hmtgen\htmgen\Debug\heightMapRenderer.exe" /INCREMENTAL /NOLOGO opengl32.lib glu32.lib winmm.lib kernel32.lib user32.lib gdi32.lib winspool.lib comdlg32.lib advapi32.lib shell32.lib ole32.lib oleaut32.lib uuid.lib odbc32.lib odbccp32.lib /MANIFEST /ManifestFile:"Debug\heightMapRenderer.exe.intermediate.manifest" /MANIFESTUAC:"level='asInvoker' uiAccess='false'" /DEBUG /PDB:"C:\Users\Geoffrey\Desktop\hmtgen\htmgen\Debug\heightMapRenderer.pdb" /SUBSYSTEM:WINDOWS /TLBID:1 /DYNAMICBASE /NXCOMPAT /IMPLIB:"C:\Users\Geoffrey\Desktop\hmtgen\htmgen\Debug\heightMapRenderer.lib" /MACHINE:X86 Debug\OBJReader.res
         Debug\heightMapRenderer.exe.embed.manifest.res
         Debug\My3dEngine.obj
         Debug\OBJLoader.obj
         Debug\OBJReader.obj
         Debug\Octree.obj
         Debug\RAWLoader.obj
         Debug\stdafx.obj
         Debug\TGALoader.obj
         Debug\Vector4D.obj
       Manifest:
         C:\Program Files\Microsoft SDKs\Windows\v7.0A\bin\mt.exe /nologo /verbose /out:"Debug\heightMapRenderer.exe.embed.manifest" /manifest Debug\heightMapRenderer.exe.intermediate.manifest
         C:\Program Files\Microsoft SDKs\Windows\v7.0A\bin\rc.exe /nologo /fo"Debug\heightMapRenderer.exe.embed.manifest.res" Debug\heightMapRenderer_manifest.rc 
       LinkEmbedManifest:
         D:\Program Files\Microsoft Visual Studio 10.0\VC\bin\link.exe /ERRORREPORT:PROMPT /OUT:"C:\Users\Geoffrey\Desktop\hmtgen\htmgen\Debug\heightMapRenderer.exe" /INCREMENTAL /NOLOGO opengl32.lib glu32.lib winmm.lib kernel32.lib user32.lib gdi32.lib winspool.lib comdlg32.lib advapi32.lib shell32.lib ole32.lib oleaut32.lib uuid.lib odbc32.lib odbccp32.lib /MANIFEST /ManifestFile:"Debug\heightMapRenderer.exe.intermediate.manifest" /MANIFESTUAC:"level='asInvoker' uiAccess='false'" /DEBUG /PDB:"C:\Users\Geoffrey\Desktop\hmtgen\htmgen\Debug\heightMapRenderer.pdb" /SUBSYSTEM:WINDOWS /TLBID:1 /DYNAMICBASE /NXCOMPAT /IMPLIB:"C:\Users\Geoffrey\Desktop\hmtgen\htmgen\Debug\heightMapRenderer.lib" /MACHINE:X86 Debug\OBJReader.res
         Debug\heightMapRenderer.exe.embed.manifest.res
         Debug\My3dEngine.obj
         Debug\OBJLoader.obj
         Debug\OBJReader.obj
         Debug\Octree.obj
         Debug\RAWLoader.obj
         Debug\stdafx.obj
         Debug\TGALoader.obj
         Debug\Vector4D.obj
         3DProjectBase.vcxproj -> C:\Users\Geoffrey\Desktop\hmtgen\htmgen\Debug\heightMapRenderer.exe
       FinalizeBuildStatus:
         Suppression du fichier "Debug\heightMapRenderer.unsuccessfulbuild".
         Mise à jour de l'horodatage "Debug\heightMapRenderer.lastbuildstate".
     1>Génération du projet "C:\Users\Geoffrey\Desktop\hmtgen\htmgen\heightMapRenderer\3DProjectBase.vcxproj" terminée (build cible(s)).

La génération a réussi.

Temps écoulé 00:00:05.13
